{"code":"ECONNREFUSED","level":"error","message":"Redis Client Error","service":"agro-backend","stack":"AggregateError [ECONNREFUSED]: \n    at internalConnectMultiple (node:net:1142:49)\n    at afterConnectMultiple (node:net:1723:7)","timestamp":"2026-03-27T07:11:39.183Z"}
{"code":"ECONNREFUSED","level":"error","message":"Redis Client Error","service":"agro-backend","stack":"AggregateError [ECONNREFUSED]: \n    at internalConnectMultiple (node:net:1142:49)\n    at afterConnectMultiple (node:net:1723:7)","timestamp":"2026-03-27T07:11:39.278Z"}
{"code":"ECONNREFUSED","level":"error","message":"Redis Client Error","service":"agro-backend","stack":"AggregateError [ECONNREFUSED]: \n    at internalConnectMultiple (node:net:1142:49)\n    at afterConnectMultiple (node:net:1723:7)","timestamp":"2026-03-27T07:11:39.382Z"}
{"code":"ECONNREFUSED","level":"error","message":"Redis Client Error","service":"agro-backend","stack":"AggregateError [ECONNREFUSED]: \n    at internalConnectMultiple (node:net:1142:49)\n    at afterConnectMultiple (node:net:1723:7)","timestamp":"2026-03-27T07:11:39.537Z"}
{"code":"ECONNREFUSED","level":"error","message":"Redis Client Error","service":"agro-backend","stack":"AggregateError [ECONNREFUSED]: \n    at internalConnectMultiple (node:net:1142:49)\n    at afterConnectMultiple (node:net:1723:7)","timestamp":"2026-03-27T07:11:39.755Z"}
{"level":"info","message":"MongoDB Connected: purvesh-shard-00-01.nltu4.mongodb.net","service":"agro-backend","timestamp":"2026-03-27T07:11:39.788Z"}
{"level":"info","message":"BullMQ Background Workers initialized successfully.","service":"agro-backend","timestamp":"2026-03-27T07:11:39.796Z"}
{"level":"info","message":"Server running in development mode on port 5000","service":"agro-backend","timestamp":"2026-03-27T07:11:39.802Z"}
{"code":"ECONNREFUSED","level":"error","message":"Redis Client Error","service":"agro-backend","stack":"AggregateError [ECONNREFUSED]: \n    at internalConnectMultiple (node:net:1142:49)\n    at afterConnectMultiple (node:net:1723:7)","timestamp":"2026-03-27T07:11:40.007Z"}
{"code":"ECONNREFUSED","level":"error","message":"Redis Client Error","service":"agro-backend","stack":"AggregateError [ECONNREFUSED]: \n    at internalConnectMultiple (node:net:1142:49)\n    at afterConnectMultiple (node:net:1723:7)","timestamp":"2026-03-27T07:11:40.316Z"}
{"code":"ECONNREFUSED","level":"error","message":"Redis Client Error","service":"agro-backend","stack":"AggregateError [ECONNREFUSED]: \n    at internalConnectMultiple (node:net:1142:49)\n    at afterConnectMultiple (node:net:1723:7)","timestamp":"2026-03-27T07:11:40.671Z"}
{"code":"ECONNREFUSED","level":"error","message":"Redis Client Error","service":"agro-backend","stack":"AggregateError [ECONNREFUSED]: \n    at internalConnectMultiple (node:net:1142:49)\n    at afterConnectMultiple (node:net:1723:7)","timestamp":"2026-03-27T07:11:41.077Z"}
{"code":"ECONNREFUSED","level":"error","message":"Redis Client Error","service":"agro-backend","stack":"AggregateError [ECONNREFUSED]: \n    at internalConnectMultiple (node:net:1142:49)\n    at afterConnectMultiple (node:net:1723:7)","timestamp":"2026-03-27T07:11:41.546Z"}
{"code":"ECONNREFUSED","level":"error","message":"Redis Client Error","service":"agro-backend","stack":"AggregateError [ECONNREFUSED]: \n    at internalConnectMultiple (node:net:1142:49)\n    at afterConnectMultiple (node:net:1723:7)","timestamp":"2026-03-27T07:11:42.061Z"}
{"code":"ECONNREFUSED","level":"error","message":"Redis Client Error","service":"agro-backend","stack":"AggregateError [ECONNREFUSED]: \n    at internalConnectMultiple (node:net:1142:49)\n    at afterConnectMultiple (node:net:1723:7)","timestamp":"2026-03-27T07:11:42.620Z"}
{"code":"ECONNREFUSED","level":"error","message":"Redis Client Error","service":"agro-backend","stack":"AggregateError [ECONNREFUSED]: \n    at internalConnectMultiple (node:net:1142:49)\n    at afterConnectMultiple (node:net:1723:7)","timestamp":"2026-03-27T07:11:43.230Z"}
{"level":"info","message":"SIGINT signal received: closing HTTP server","service":"agro-backend","timestamp":"2026-03-27T07:11:43.647Z"}
{"level":"warn","message":"Redis Client Error: ","service":"agro-backend","timestamp":"2026-03-27T07:18:39.049Z"}
{"level":"warn","message":"Redis not available — caching and rate-limiting will use in-memory fallback.","service":"agro-backend","timestamp":"2026-03-27T07:18:39.057Z"}
{"level":"warn","message":"Redis Client Error: ","service":"agro-backend","timestamp":"2026-03-27T07:18:39.262Z"}
{"level":"info","message":"MongoDB Connected: purvesh-shard-00-00.nltu4.mongodb.net","service":"agro-backend","timestamp":"2026-03-27T07:18:39.428Z"}
{"level":"info","message":"BullMQ Background Workers initialized successfully.","service":"agro-backend","timestamp":"2026-03-27T07:18:39.435Z"}
{"level":"info","message":"Server running in development mode on port 5000","service":"agro-backend","timestamp":"2026-03-27T07:18:39.441Z"}
{"level":"warn","message":"Redis Client Error: ","service":"agro-backend","timestamp":"2026-03-27T07:18:39.668Z"}
{"level":"warn","message":"Redis Client Error: ","service":"agro-backend","timestamp":"2026-03-27T07:18:40.276Z"}
{"level":"warn","message":"Redis unavailable after 3 retries — running without Redis cache.","service":"agro-backend","timestamp":"2026-03-27T07:18:40.277Z"}
{"level":"info","message":"SIGINT signal received: closing HTTP server","service":"agro-backend","timestamp":"2026-03-27T07:18:46.040Z"}
{"level":"info","message":"Redis Client Connected","service":"agro-backend","timestamp":"2026-03-27T08:32:25.237Z"}
{"level":"info","message":"MongoDB Connected: purvesh-shard-00-00.nltu4.mongodb.net","service":"agro-backend","timestamp":"2026-03-27T08:32:25.642Z"}
{"level":"info","message":"BullMQ Background Workers initialized successfully.","service":"agro-backend","timestamp":"2026-03-27T08:32:25.649Z"}
{"level":"info","message":"Server running in development mode on port 5000","service":"agro-backend","timestamp":"2026-03-27T08:32:25.655Z"}
{"level":"info","message":"Redis Client Connected","service":"agro-backend","timestamp":"2026-03-27T08:33:51.782Z"}
{"level":"info","message":"MongoDB Connected: purvesh-shard-00-01.nltu4.mongodb.net","service":"agro-backend","timestamp":"2026-03-27T08:33:52.165Z"}
{"level":"info","message":"BullMQ Background Workers initialized successfully.","service":"agro-backend","timestamp":"2026-03-27T08:33:52.172Z"}
{"level":"info","message":"Server running in development mode on port 5000","service":"agro-backend","timestamp":"2026-03-27T08:33:52.178Z"}
{"level":"info","message":"Redis Client Connected","service":"agro-backend","timestamp":"2026-03-27T08:35:30.488Z"}
{"level":"info","message":"MongoDB Connected: purvesh-shard-00-01.nltu4.mongodb.net","service":"agro-backend","timestamp":"2026-03-27T08:35:30.899Z"}
{"level":"info","message":"SIGINT signal received: closing HTTP server","service":"agro-backend","timestamp":"2026-03-27T08:36:35.736Z"}
{"level":"info","message":"Redis Client Connected","service":"agro-backend","timestamp":"2026-03-27T08:36:40.942Z"}
{"level":"info","message":"MongoDB Connected: purvesh-shard-00-00.nltu4.mongodb.net","service":"agro-backend","timestamp":"2026-03-27T08:36:41.292Z"}
{"level":"info","message":"BullMQ Background Workers initialized successfully.","service":"agro-backend","timestamp":"2026-03-27T08:36:41.299Z"}
{"level":"info","message":"Server running in development mode on port 5000","service":"agro-backend","timestamp":"2026-03-27T08:36:41.304Z"}
{"level":"info","message":"Redis Client Connected","service":"agro-backend","timestamp":"2026-03-27T08:41:32.264Z"}
{"level":"info","message":"MongoDB Connected: purvesh-shard-00-02.nltu4.mongodb.net","service":"agro-backend","timestamp":"2026-03-27T08:41:34.315Z"}
{"level":"info","message":"BullMQ Background Workers initialized successfully.","service":"agro-backend","timestamp":"2026-03-27T08:41:34.323Z"}
{"level":"info","message":"Server running in development mode on port 5000","service":"agro-backend","timestamp":"2026-03-27T08:41:34.328Z"}
{"level":"info","message":"SIGINT signal received: closing HTTP server","service":"agro-backend","timestamp":"2026-03-27T08:44:25.587Z"}
{"level":"info","message":"Redis Client Connected","service":"agro-backend","timestamp":"2026-03-27T08:44:30.713Z"}
{"level":"info","message":"MongoDB Connected: purvesh-shard-00-00.nltu4.mongodb.net","service":"agro-backend","timestamp":"2026-03-27T08:44:31.662Z"}
{"level":"info","message":"BullMQ Background Workers initialized successfully.","service":"agro-backend","timestamp":"2026-03-27T08:44:31.669Z"}
{"level":"info","message":"Server running in development mode on port 5000","service":"agro-backend","timestamp":"2026-03-27T08:44:31.676Z"}
{"level":"info","message":"SIGINT signal received: closing HTTP server","service":"agro-backend","timestamp":"2026-03-27T08:47:26.389Z"}
{"level":"info","message":"Redis Client Connected","service":"agro-backend","timestamp":"2026-03-27T08:47:31.361Z"}
{"level":"info","message":"MongoDB Connected: purvesh-shard-00-00.nltu4.mongodb.net","service":"agro-backend","timestamp":"2026-03-27T08:47:31.777Z"}
{"level":"info","message":"BullMQ Background Workers initialized successfully.","service":"agro-backend","timestamp":"2026-03-27T08:47:31.784Z"}
{"level":"info","message":"Server running in development mode on port 5000","service":"agro-backend","timestamp":"2026-03-27T08:47:31.790Z"}
{"level":"info","message":"Redis Client Connected","service":"agro-backend","timestamp":"2026-03-27T09:11:15.666Z"}
{"level":"info","message":"MongoDB Connected: purvesh-shard-00-01.nltu4.mongodb.net","service":"agro-backend","timestamp":"2026-03-27T09:11:16.365Z"}
{"level":"info","message":"BullMQ Background Workers initialized successfully.","service":"agro-backend","timestamp":"2026-03-27T09:11:16.376Z"}
{"level":"info","message":"Server running in development mode on port 5000","service":"agro-backend","timestamp":"2026-03-27T09:11:16.382Z"}
{"level":"info","message":"Redis Client Connected","service":"agro-backend","timestamp":"2026-03-27T09:11:17.898Z"}
{"level":"info","message":"MongoDB Connected: purvesh-shard-00-01.nltu4.mongodb.net","service":"agro-backend","timestamp":"2026-03-27T09:11:18.423Z"}
{"level":"info","message":"BullMQ Background Workers initialized successfully.","service":"agro-backend","timestamp":"2026-03-27T09:11:18.431Z"}
{"level":"info","message":"Server running in development mode on port 5000","service":"agro-backend","timestamp":"2026-03-27T09:11:18.437Z"}
{"level":"info","message":"Redis Client Connected","service":"agro-backend","timestamp":"2026-03-27T09:17:35.143Z"}
{"level":"info","message":"MongoDB Connected: purvesh-shard-00-01.nltu4.mongodb.net","service":"agro-backend","timestamp":"2026-03-27T09:17:36.886Z"}
{"level":"info","message":"BullMQ Background Workers initialized successfully.","service":"agro-backend","timestamp":"2026-03-27T09:17:36.898Z"}
{"level":"info","message":"Server running in development mode on port 5000","service":"agro-backend","timestamp":"2026-03-27T09:17:36.906Z"}
{"level":"info","message":"Redis Client Connected","service":"agro-backend","timestamp":"2026-03-27T09:18:25.039Z"}
{"level":"info","message":"MongoDB Connected: purvesh-shard-00-02.nltu4.mongodb.net","service":"agro-backend","timestamp":"2026-03-27T09:18:25.562Z"}
{"level":"info","message":"BullMQ Background Workers initialized successfully.","service":"agro-backend","timestamp":"2026-03-27T09:18:25.576Z"}
{"level":"info","message":"Server running in development mode on port 5000","service":"agro-backend","timestamp":"2026-03-27T09:18:25.588Z"}
{"level":"info","message":"Redis Client Connected","service":"agro-backend","timestamp":"2026-03-27T09:18:46.910Z"}
{"level":"info","message":"MongoDB Connected: purvesh-shard-00-02.nltu4.mongodb.net","service":"agro-backend","timestamp":"2026-03-27T09:18:47.440Z"}
{"level":"info","message":"BullMQ Background Workers initialized successfully.","service":"agro-backend","timestamp":"2026-03-27T09:18:47.458Z"}
{"level":"info","message":"Server running in development mode on port 5000","service":"agro-backend","timestamp":"2026-03-27T09:18:47.472Z"}
{"level":"info","message":"==== APP SMS ==== To: 9561059969 | Message: Your AgroSeva OTP is 220757. Valid for 10 minutes.","service":"agro-backend","timestamp":"2026-03-27T09:20:10.527Z"}
{"level":"info","message":"SMS successfully sent to 9561059969 via Twilio","service":"agro-backend","timestamp":"2026-03-27T09:20:11.961Z"}
{"level":"info","message":"Redis Client Connected","service":"agro-backend","timestamp":"2026-03-27T09:27:00.715Z"}
{"level":"info","message":"MongoDB Connected: purvesh-shard-00-00.nltu4.mongodb.net","service":"agro-backend","timestamp":"2026-03-27T09:27:01.367Z"}
{"level":"info","message":"BullMQ Background Workers initialized successfully.","service":"agro-backend","timestamp":"2026-03-27T09:27:01.385Z"}
{"level":"info","message":"Server running in development mode on port 5000","service":"agro-backend","timestamp":"2026-03-27T09:27:01.406Z"}
{"level":"info","message":"Redis Client Connected","service":"agro-backend","timestamp":"2026-03-27T09:54:56.447Z"}
{"level":"info","message":"MongoDB Connected: purvesh-shard-00-00.nltu4.mongodb.net","service":"agro-backend","timestamp":"2026-03-27T09:54:56.894Z"}
{"level":"info","message":"BullMQ Background Workers initialized successfully.","service":"agro-backend","timestamp":"2026-03-27T09:54:56.901Z"}
{"level":"info","message":"Server running in development mode on port 5000","service":"agro-backend","timestamp":"2026-03-27T09:54:56.907Z"}
{"ip":"::1","level":"error","message":"Cast to ObjectId failed for value \"categories\" (type string) at path \"_id\" for model \"Scheme\"","method":"GET","service":"agro-backend","stack":"CastError: Cast to ObjectId failed for value \"categories\" (type string) at path \"_id\" for model \"Scheme\"\n    at SchemaObjectId.cast (D:\\Kartik\\Hakathon\\Agri Hackathon\\backend\\node_modules\\mongoose\\lib\\schema\\objectId.js:253:11)\n    at SchemaType.applySetters (D:\\Kartik\\Hakathon\\Agri Hackathon\\backend\\node_modules\\mongoose\\lib\\schemaType.js:1287:12)\n    at SchemaType.castForQuery (D:\\Kartik\\Hakathon\\Agri Hackathon\\backend\\node_modules\\mongoose\\lib\\schemaType.js:1713:17)\n    at cast (D:\\Kartik\\Hakathon\\Agri Hackathon\\backend\\node_modules\\mongoose\\lib\\cast.js:386:32)\n    at Query.cast (D:\\Kartik\\Hakathon\\Agri Hackathon\\backend\\node_modules\\mongoose\\lib\\query.js:5127:12)\n    at Query._castConditions (D:\\Kartik\\Hakathon\\Agri Hackathon\\backend\\node_modules\\mongoose\\lib\\query.js:2376:10)\n    at model.Query._findOne (D:\\Kartik\\Hakathon\\Agri Hackathon\\backend\\node_modules\\mongoose\\lib\\query.js:2716:8)\n    at model.Query.exec (D:\\Kartik\\Hakathon\\Agri Hackathon\\backend\\node_modules\\mongoose\\lib\\query.js:4726:80)\n    at process.processTicksAndRejections (node:internal/process/task_queues:104:5)\n    at async exports.getSchemeById (D:\\Kartik\\Hakathon\\Agri Hackathon\\backend\\src\\controllers\\scheme.controller.js:27:18)","timestamp":"2026-03-27T09:57:51.421Z","url":"/api/public/schemes/categories"}
{"ip":"::1","level":"error","message":"Cast to ObjectId failed for value \"categories\" (type string) at path \"_id\" for model \"Scheme\"","method":"GET","service":"agro-backend","stack":"CastError: Cast to ObjectId failed for value \"categories\" (type string) at path \"_id\" for model \"Scheme\"\n    at SchemaObjectId.cast (D:\\Kartik\\Hakathon\\Agri Hackathon\\backend\\node_modules\\mongoose\\lib\\schema\\objectId.js:253:11)\n    at SchemaType.applySetters (D:\\Kartik\\Hakathon\\Agri Hackathon\\backend\\node_modules\\mongoose\\lib\\schemaType.js:1287:12)\n    at SchemaType.castForQuery (D:\\Kartik\\Hakathon\\Agri Hackathon\\backend\\node_modules\\mongoose\\lib\\schemaType.js:1713:17)\n    at cast (D:\\Kartik\\Hakathon\\Agri Hackathon\\backend\\node_modules\\mongoose\\lib\\cast.js:386:32)\n    at Query.cast (D:\\Kartik\\Hakathon\\Agri Hackathon\\backend\\node_modules\\mongoose\\lib\\query.js:5127:12)\n    at Query._castConditions (D:\\Kartik\\Hakathon\\Agri Hackathon\\backend\\node_modules\\mongoose\\lib\\query.js:2376:10)\n    at model.Query._findOne (D:\\Kartik\\Hakathon\\Agri Hackathon\\backend\\node_modules\\mongoose\\lib\\query.js:2716:8)\n    at model.Query.exec (D:\\Kartik\\Hakathon\\Agri Hackathon\\backend\\node_modules\\mongoose\\lib\\query.js:4726:80)\n    at process.processTicksAndRejections (node:internal/process/task_queues:104:5)\n    at async exports.getSchemeById (D:\\Kartik\\Hakathon\\Agri Hackathon\\backend\\src\\controllers\\scheme.controller.js:27:18)","timestamp":"2026-03-27T09:57:52.441Z","url":"/api/public/schemes/categories"}
{"ip":"::1","level":"error","message":"Cast to ObjectId failed for value \"categories\" (type string) at path \"_id\" for model \"Scheme\"","method":"GET","service":"agro-backend","stack":"CastError: Cast to ObjectId failed for value \"categories\" (type string) at path \"_id\" for model \"Scheme\"\n    at SchemaObjectId.cast (D:\\Kartik\\Hakathon\\Agri Hackathon\\backend\\node_modules\\mongoose\\lib\\schema\\objectId.js:253:11)\n    at SchemaType.applySetters (D:\\Kartik\\Hakathon\\Agri Hackathon\\backend\\node_modules\\mongoose\\lib\\schemaType.js:1287:12)\n    at SchemaType.castForQuery (D:\\Kartik\\Hakathon\\Agri Hackathon\\backend\\node_modules\\mongoose\\lib\\schemaType.js:1713:17)\n    at cast (D:\\Kartik\\Hakathon\\Agri Hackathon\\backend\\node_modules\\mongoose\\lib\\cast.js:386:32)\n    at Query.cast (D:\\Kartik\\Hakathon\\Agri Hackathon\\backend\\node_modules\\mongoose\\lib\\query.js:5127:12)\n    at Query._castConditions (D:\\Kartik\\Hakathon\\Agri Hackathon\\backend\\node_modules\\mongoose\\lib\\query.js:2376:10)\n    at model.Query._findOne (D:\\Kartik\\Hakathon\\Agri Hackathon\\backend\\node_modules\\mongoose\\lib\\query.js:2716:8)\n    at model.Query.exec (D:\\Kartik\\Hakathon\\Agri Hackathon\\backend\\node_modules\\mongoose\\lib\\query.js:4726:80)\n    at process.processTicksAndRejections (node:internal/process/task_queues:104:5)\n    at async exports.getSchemeById (D:\\Kartik\\Hakathon\\Agri Hackathon\\backend\\src\\controllers\\scheme.controller.js:27:18)","timestamp":"2026-03-27T10:01:23.754Z","url":"/api/public/schemes/categories"}
{"ip":"::1","level":"error","message":"Cast to ObjectId failed for value \"categories\" (type string) at path \"_id\" for model \"Scheme\"","method":"GET","service":"agro-backend","stack":"CastError: Cast to ObjectId failed for value \"categories\" (type string) at path \"_id\" for model \"Scheme\"\n    at SchemaObjectId.cast (D:\\Kartik\\Hakathon\\Agri Hackathon\\backend\\node_modules\\mongoose\\lib\\schema\\objectId.js:253:11)\n    at SchemaType.applySetters (D:\\Kartik\\Hakathon\\Agri Hackathon\\backend\\node_modules\\mongoose\\lib\\schemaType.js:1287:12)\n    at SchemaType.castForQuery (D:\\Kartik\\Hakathon\\Agri Hackathon\\backend\\node_modules\\mongoose\\lib\\schemaType.js:1713:17)\n    at cast (D:\\Kartik\\Hakathon\\Agri Hackathon\\backend\\node_modules\\mongoose\\lib\\cast.js:386:32)\n    at Query.cast (D:\\Kartik\\Hakathon\\Agri Hackathon\\backend\\node_modules\\mongoose\\lib\\query.js:5127:12)\n    at Query._castConditions (D:\\Kartik\\Hakathon\\Agri Hackathon\\backend\\node_modules\\mongoose\\lib\\query.js:2376:10)\n    at model.Query._findOne (D:\\Kartik\\Hakathon\\Agri Hackathon\\backend\\node_modules\\mongoose\\lib\\query.js:2716:8)\n    at model.Query.exec (D:\\Kartik\\Hakathon\\Agri Hackathon\\backend\\node_modules\\mongoose\\lib\\query.js:4726:80)\n    at process.processTicksAndRejections (node:internal/process/task_queues:104:5)\n    at async exports.getSchemeById (D:\\Kartik\\Hakathon\\Agri Hackathon\\backend\\src\\controllers\\scheme.controller.js:27:18)","timestamp":"2026-03-27T10:01:24.778Z","url":"/api/public/schemes/categories"}
{"ip":"::1","level":"error","message":"Cast to ObjectId failed for value \"categories\" (type string) at path \"_id\" for model \"Scheme\"","method":"GET","service":"agro-backend","stack":"CastError: Cast to ObjectId failed for value \"categories\" (type string) at path \"_id\" for model \"Scheme\"\n    at SchemaObjectId.cast (D:\\Kartik\\Hakathon\\Agri Hackathon\\backend\\node_modules\\mongoose\\lib\\schema\\objectId.js:253:11)\n    at SchemaType.applySetters (D:\\Kartik\\Hakathon\\Agri Hackathon\\backend\\node_modules\\mongoose\\lib\\schemaType.js:1287:12)\n    at SchemaType.castForQuery (D:\\Kartik\\Hakathon\\Agri Hackathon\\backend\\node_modules\\mongoose\\lib\\schemaType.js:1713:17)\n    at cast (D:\\Kartik\\Hakathon\\Agri Hackathon\\backend\\node_modules\\mongoose\\lib\\cast.js:386:32)\n    at Query.cast (D:\\Kartik\\Hakathon\\Agri Hackathon\\backend\\node_modules\\mongoose\\lib\\query.js:5127:12)\n    at Query._castConditions (D:\\Kartik\\Hakathon\\Agri Hackathon\\backend\\node_modules\\mongoose\\lib\\query.js:2376:10)\n    at model.Query._findOne (D:\\Kartik\\Hakathon\\Agri Hackathon\\backend\\node_modules\\mongoose\\lib\\query.js:2716:8)\n    at model.Query.exec (D:\\Kartik\\Hakathon\\Agri Hackathon\\backend\\node_modules\\mongoose\\lib\\query.js:4726:80)\n    at process.processTicksAndRejections (node:internal/process/task_queues:104:5)\n    at async exports.getSchemeById (D:\\Kartik\\Hakathon\\Agri Hackathon\\backend\\src\\controllers\\scheme.controller.js:27:18)","timestamp":"2026-03-27T10:06:00.551Z","url":"/api/public/schemes/categories"}
{"ip":"::1","level":"error","message":"Cast to ObjectId failed for value \"categories\" (type string) at path \"_id\" for model \"Scheme\"","method":"GET","service":"agro-backend","stack":"CastError: Cast to ObjectId failed for value \"categories\" (type string) at path \"_id\" for model \"Scheme\"\n    at SchemaObjectId.cast (D:\\Kartik\\Hakathon\\Agri Hackathon\\backend\\node_modules\\mongoose\\lib\\schema\\objectId.js:253:11)\n    at SchemaType.applySetters (D:\\Kartik\\Hakathon\\Agri Hackathon\\backend\\node_modules\\mongoose\\lib\\schemaType.js:1287:12)\n    at SchemaType.castForQuery (D:\\Kartik\\Hakathon\\Agri Hackathon\\backend\\node_modules\\mongoose\\lib\\schemaType.js:1713:17)\n    at cast (D:\\Kartik\\Hakathon\\Agri Hackathon\\backend\\node_modules\\mongoose\\lib\\cast.js:386:32)\n    at Query.cast (D:\\Kartik\\Hakathon\\Agri Hackathon\\backend\\node_modules\\mongoose\\lib\\query.js:5127:12)\n    at Query._castConditions (D:\\Kartik\\Hakathon\\Agri Hackathon\\backend\\node_modules\\mongoose\\lib\\query.js:2376:10)\n    at model.Query._findOne (D:\\Kartik\\Hakathon\\Agri Hackathon\\backend\\node_modules\\mongoose\\lib\\query.js:2716:8)\n    at model.Query.exec (D:\\Kartik\\Hakathon\\Agri Hackathon\\backend\\node_modules\\mongoose\\lib\\query.js:4726:80)\n    at process.processTicksAndRejections (node:internal/process/task_queues:104:5)\n    at async exports.getSchemeById (D:\\Kartik\\Hakathon\\Agri Hackathon\\backend\\src\\controllers\\scheme.controller.js:27:18)","timestamp":"2026-03-27T10:06:01.569Z","url":"/api/public/schemes/categories"}
{"ip":"::1","level":"error","message":"Cast to ObjectId failed for value \"categories\" (type string) at path \"_id\" for model \"Scheme\"","method":"GET","service":"agro-backend","stack":"CastError: Cast to ObjectId failed for value \"categories\" (type string) at path \"_id\" for model \"Scheme\"\n    at SchemaObjectId.cast (D:\\Kartik\\Hakathon\\Agri Hackathon\\backend\\node_modules\\mongoose\\lib\\schema\\objectId.js:253:11)\n    at SchemaType.applySetters (D:\\Kartik\\Hakathon\\Agri Hackathon\\backend\\node_modules\\mongoose\\lib\\schemaType.js:1287:12)\n    at SchemaType.castForQuery (D:\\Kartik\\Hakathon\\Agri Hackathon\\backend\\node_modules\\mongoose\\lib\\schemaType.js:1713:17)\n    at cast (D:\\Kartik\\Hakathon\\Agri Hackathon\\backend\\node_modules\\mongoose\\lib\\cast.js:386:32)\n    at Query.cast (D:\\Kartik\\Hakathon\\Agri Hackathon\\backend\\node_modules\\mongoose\\lib\\query.js:5127:12)\n    at Query._castConditions (D:\\Kartik\\Hakathon\\Agri Hackathon\\backend\\node_modules\\mongoose\\lib\\query.js:2376:10)\n    at model.Query._findOne (D:\\Kartik\\Hakathon\\Agri Hackathon\\backend\\node_modules\\mongoose\\lib\\query.js:2716:8)\n    at model.Query.exec (D:\\Kartik\\Hakathon\\Agri Hackathon\\backend\\node_modules\\mongoose\\lib\\query.js:4726:80)\n    at process.processTicksAndRejections (node:internal/process/task_queues:104:5)\n    at async exports.getSchemeById (D:\\Kartik\\Hakathon\\Agri Hackathon\\backend\\src\\controllers\\scheme.controller.js:27:18)","timestamp":"2026-03-27T10:07:24.678Z","url":"/api/public/schemes/categories"}
{"ip":"::1","level":"error","message":"Cast to ObjectId failed for value \"categories\" (type string) at path \"_id\" for model \"Scheme\"","method":"GET","service":"agro-backend","stack":"CastError: Cast to ObjectId failed for value \"categories\" (type string) at path \"_id\" for model \"Scheme\"\n    at SchemaObjectId.cast (D:\\Kartik\\Hakathon\\Agri Hackathon\\backend\\node_modules\\mongoose\\lib\\schema\\objectId.js:253:11)\n    at SchemaType.applySetters (D:\\Kartik\\Hakathon\\Agri Hackathon\\backend\\node_modules\\mongoose\\lib\\schemaType.js:1287:12)\n    at SchemaType.castForQuery (D:\\Kartik\\Hakathon\\Agri Hackathon\\backend\\node_modules\\mongoose\\lib\\schemaType.js:1713:17)\n    at cast (D:\\Kartik\\Hakathon\\Agri Hackathon\\backend\\node_modules\\mongoose\\lib\\cast.js:386:32)\n    at Query.cast (D:\\Kartik\\Hakathon\\Agri Hackathon\\backend\\node_modules\\mongoose\\lib\\query.js:5127:12)\n    at Query._castConditions (D:\\Kartik\\Hakathon\\Agri Hackathon\\backend\\node_modules\\mongoose\\lib\\query.js:2376:10)\n    at model.Query._findOne (D:\\Kartik\\Hakathon\\Agri Hackathon\\backend\\node_modules\\mongoose\\lib\\query.js:2716:8)\n    at model.Query.exec (D:\\Kartik\\Hakathon\\Agri Hackathon\\backend\\node_modules\\mongoose\\lib\\query.js:4726:80)\n    at process.processTicksAndRejections (node:internal/process/task_queues:104:5)\n    at async exports.getSchemeById (D:\\Kartik\\Hakathon\\Agri Hackathon\\backend\\src\\controllers\\scheme.controller.js:27:18)","timestamp":"2026-03-27T10:07:25.692Z","url":"/api/public/schemes/categories"}
{"level":"info","message":"Redis Client Connected","service":"agro-backend","timestamp":"2026-03-27T10:09:26.470Z"}
{"level":"info","message":"MongoDB Connected: purvesh-shard-00-02.nltu4.mongodb.net","service":"agro-backend","timestamp":"2026-03-27T10:09:27.294Z"}
{"level":"info","message":"BullMQ Background Workers initialized successfully.","service":"agro-backend","timestamp":"2026-03-27T10:09:27.309Z"}
{"level":"info","message":"Server running in development mode on port 5000","service":"agro-backend","timestamp":"2026-03-27T10:09:27.320Z"}
{"level":"info","message":"Redis Client Connected","service":"agro-backend","timestamp":"2026-03-27T10:09:30.061Z"}
{"level":"info","message":"MongoDB Connected: purvesh-shard-00-02.nltu4.mongodb.net","service":"agro-backend","timestamp":"2026-03-27T10:09:30.662Z"}
{"level":"info","message":"BullMQ Background Workers initialized successfully.","service":"agro-backend","timestamp":"2026-03-27T10:09:30.670Z"}
{"level":"info","message":"Server running in development mode on port 5000","service":"agro-backend","timestamp":"2026-03-27T10:09:30.678Z"}
{"ip":"::1","level":"error","message":"Cast to ObjectId failed for value \"categories\" (type string) at path \"_id\" for model \"Scheme\"","method":"GET","service":"agro-backend","stack":"CastError: Cast to ObjectId failed for value \"categories\" (type string) at path \"_id\" for model \"Scheme\"\n    at SchemaObjectId.cast (D:\\Kartik\\Hakathon\\Agri Hackathon\\backend\\node_modules\\mongoose\\lib\\schema\\objectId.js:253:11)\n    at SchemaType.applySetters (D:\\Kartik\\Hakathon\\Agri Hackathon\\backend\\node_modules\\mongoose\\lib\\schemaType.js:1287:12)\n    at SchemaType.castForQuery (D:\\Kartik\\Hakathon\\Agri Hackathon\\backend\\node_modules\\mongoose\\lib\\schemaType.js:1713:17)\n    at cast (D:\\Kartik\\Hakathon\\Agri Hackathon\\backend\\node_modules\\mongoose\\lib\\cast.js:386:32)\n    at Query.cast (D:\\Kartik\\Hakathon\\Agri Hackathon\\backend\\node_modules\\mongoose\\lib\\query.js:5127:12)\n    at Query._castConditions (D:\\Kartik\\Hakathon\\Agri Hackathon\\backend\\node_modules\\mongoose\\lib\\query.js:2376:10)\n    at model.Query._findOne (D:\\Kartik\\Hakathon\\Agri Hackathon\\backend\\node_modules\\mongoose\\lib\\query.js:2716:8)\n    at model.Query.exec (D:\\Kartik\\Hakathon\\Agri Hackathon\\backend\\node_modules\\mongoose\\lib\\query.js:4726:80)\n    at process.processTicksAndRejections (node:internal/process/task_queues:104:5)\n    at async exports.getSchemeById (D:\\Kartik\\Hakathon\\Agri Hackathon\\backend\\src\\controllers\\scheme.controller.js:27:18)","timestamp":"2026-03-27T10:11:49.657Z","url":"/api/public/schemes/categories"}
{"ip":"::1","level":"error","message":"Cast to ObjectId failed for value \"categories\" (type string) at path \"_id\" for model \"Scheme\"","method":"GET","service":"agro-backend","stack":"CastError: Cast to ObjectId failed for value \"categories\" (type string) at path \"_id\" for model \"Scheme\"\n    at SchemaObjectId.cast (D:\\Kartik\\Hakathon\\Agri Hackathon\\backend\\node_modules\\mongoose\\lib\\schema\\objectId.js:253:11)\n    at SchemaType.applySetters (D:\\Kartik\\Hakathon\\Agri Hackathon\\backend\\node_modules\\mongoose\\lib\\schemaType.js:1287:12)\n    at SchemaType.castForQuery (D:\\Kartik\\Hakathon\\Agri Hackathon\\backend\\node_modules\\mongoose\\lib\\schemaType.js:1713:17)\n    at cast (D:\\Kartik\\Hakathon\\Agri Hackathon\\backend\\node_modules\\mongoose\\lib\\cast.js:386:32)\n    at Query.cast (D:\\Kartik\\Hakathon\\Agri Hackathon\\backend\\node_modules\\mongoose\\lib\\query.js:5127:12)\n    at Query._castConditions (D:\\Kartik\\Hakathon\\Agri Hackathon\\backend\\node_modules\\mongoose\\lib\\query.js:2376:10)\n    at model.Query._findOne (D:\\Kartik\\Hakathon\\Agri Hackathon\\backend\\node_modules\\mongoose\\lib\\query.js:2716:8)\n    at model.Query.exec (D:\\Kartik\\Hakathon\\Agri Hackathon\\backend\\node_modules\\mongoose\\lib\\query.js:4726:80)\n    at process.processTicksAndRejections (node:internal/process/task_queues:104:5)\n    at async exports.getSchemeById (D:\\Kartik\\Hakathon\\Agri Hackathon\\backend\\src\\controllers\\scheme.controller.js:27:18)","timestamp":"2026-03-27T10:11:50.678Z","url":"/api/public/schemes/categories"}
{"level":"warn","message":"Redis Client Error: ","service":"agro-backend","timestamp":"2026-03-27T11:28:51.960Z"}
{"level":"warn","message":"Redis not available — caching and rate-limiting will use in-memory fallback.","service":"agro-backend","timestamp":"2026-03-27T11:28:51.986Z"}
{"level":"warn","message":"Redis Client Error: ","service":"agro-backend","timestamp":"2026-03-27T11:28:52.199Z"}
{"level":"info","message":"MongoDB Connected: purvesh-shard-00-02.nltu4.mongodb.net","service":"agro-backend","timestamp":"2026-03-27T11:28:52.484Z"}
{"level":"info","message":"BullMQ Background Workers initialized successfully.","service":"agro-backend","timestamp":"2026-03-27T11:28:52.505Z"}
{"level":"info","message":"Server running in development mode on port 5000","service":"agro-backend","timestamp":"2026-03-27T11:28:52.517Z"}
{"level":"warn","message":"Redis Client Error: ","service":"agro-backend","timestamp":"2026-03-27T11:28:52.607Z"}
{"level":"warn","message":"Redis Client Error: ","service":"agro-backend","timestamp":"2026-03-27T11:28:53.226Z"}
{"level":"warn","message":"Redis unavailable after 3 retries — running without Redis cache.","service":"agro-backend","timestamp":"2026-03-27T11:28:53.226Z"}
{"level":"info","message":"SIGINT signal received: closing HTTP server","service":"agro-backend","timestamp":"2026-03-27T11:28:54.665Z"}
{"level":"warn","message":"Redis Client Error: ","service":"agro-backend","timestamp":"2026-03-27T11:29:36.786Z"}
{"level":"warn","message":"Redis not available — caching and rate-limiting will use in-memory fallback.","service":"agro-backend","timestamp":"2026-03-27T11:29:36.803Z"}
{"level":"warn","message":"Redis Client Error: ","service":"agro-backend","timestamp":"2026-03-27T11:29:37.026Z"}
{"level":"info","message":"MongoDB Connected: purvesh-shard-00-01.nltu4.mongodb.net","service":"agro-backend","timestamp":"2026-03-27T11:29:37.275Z"}
{"level":"info","message":"BullMQ Background Workers initialized successfully.","service":"agro-backend","timestamp":"2026-03-27T11:29:37.290Z"}
{"level":"info","message":"Server running in development mode on port 5000","service":"agro-backend","timestamp":"2026-03-27T11:29:37.300Z"}
{"level":"warn","message":"Redis Client Error: ","service":"agro-backend","timestamp":"2026-03-27T11:29:37.437Z"}
{"level":"warn","message":"Redis Client Error: ","service":"agro-backend","timestamp":"2026-03-27T11:29:38.042Z"}
{"level":"warn","message":"Redis unavailable after 3 retries — running without Redis cache.","service":"agro-backend","timestamp":"2026-03-27T11:29:38.043Z"}
{"level":"info","message":"SIGINT signal received: closing HTTP server","service":"agro-backend","timestamp":"2026-03-27T11:29:41.999Z"}
{"level":"warn","message":"Redis Client Error: ","service":"agro-backend","timestamp":"2026-03-27T11:30:03.164Z"}
{"level":"warn","message":"Redis not available — caching and rate-limiting will use in-memory fallback.","service":"agro-backend","timestamp":"2026-03-27T11:30:03.188Z"}
{"level":"warn","message":"Redis Client Error: ","service":"agro-backend","timestamp":"2026-03-27T11:30:03.392Z"}
{"level":"info","message":"MongoDB Connected: purvesh-shard-00-02.nltu4.mongodb.net","service":"agro-backend","timestamp":"2026-03-27T11:30:03.680Z"}
{"level":"info","message":"BullMQ Background Workers initialized successfully.","service":"agro-backend","timestamp":"2026-03-27T11:30:03.697Z"}
{"level":"info","message":"Server running in development mode on port 5000","service":"agro-backend","timestamp":"2026-03-27T11:30:03.708Z"}
{"level":"warn","message":"Redis Client Error: ","service":"agro-backend","timestamp":"2026-03-27T11:30:03.799Z"}
{"level":"warn","message":"Redis Client Error: ","service":"agro-backend","timestamp":"2026-03-27T11:30:04.406Z"}
{"level":"warn","message":"Redis unavailable after 3 retries — running without Redis cache.","service":"agro-backend","timestamp":"2026-03-27T11:30:04.407Z"}
{"level":"info","message":"SIGINT signal received: closing HTTP server","service":"agro-backend","timestamp":"2026-03-27T11:30:14.013Z"}
{"level":"info","message":"Redis Client Connected","service":"agro-backend","timestamp":"2026-03-27T11:33:06.515Z"}
{"level":"info","message":"MongoDB Connected: purvesh-shard-00-01.nltu4.mongodb.net","service":"agro-backend","timestamp":"2026-03-27T11:33:07.048Z"}
{"level":"info","message":"BullMQ Background Workers initialized successfully.","service":"agro-backend","timestamp":"2026-03-27T11:33:07.065Z"}
{"level":"info","message":"Server running in development mode on port 5000","service":"agro-backend","timestamp":"2026-03-27T11:33:07.075Z"}
{"level":"info","message":"==== APP SMS ==== To: 9657956578 | Message: Your AgroSeva OTP is 196582. Valid for 10 minutes.","service":"agro-backend","timestamp":"2026-03-27T11:35:12.290Z"}
{"level":"info","message":"SMS successfully sent to 9657956578 via Twilio","service":"agro-backend","timestamp":"2026-03-27T11:35:13.608Z"}
{"ip":"::1","level":"error","message":"Cast to ObjectId failed for value \"categories\" (type string) at path \"_id\" for model \"Scheme\"","method":"GET","service":"agro-backend","stack":"CastError: Cast to ObjectId failed for value \"categories\" (type string) at path \"_id\" for model \"Scheme\"\n    at SchemaObjectId.cast (D:\\Kartik\\Hakathon\\Agri Hackathon\\backend\\node_modules\\mongoose\\lib\\schema\\objectId.js:253:11)\n    at SchemaType.applySetters (D:\\Kartik\\Hakathon\\Agri Hackathon\\backend\\node_modules\\mongoose\\lib\\schemaType.js:1287:12)\n    at SchemaType.castForQuery (D:\\Kartik\\Hakathon\\Agri Hackathon\\backend\\node_modules\\mongoose\\lib\\schemaType.js:1713:17)\n    at cast (D:\\Kartik\\Hakathon\\Agri Hackathon\\backend\\node_modules\\mongoose\\lib\\cast.js:386:32)\n    at Query.cast (D:\\Kartik\\Hakathon\\Agri Hackathon\\backend\\node_modules\\mongoose\\lib\\query.js:5127:12)\n    at Query._castConditions (D:\\Kartik\\Hakathon\\Agri Hackathon\\backend\\node_modules\\mongoose\\lib\\query.js:2376:10)\n    at model.Query._findOne (D:\\Kartik\\Hakathon\\Agri Hackathon\\backend\\node_modules\\mongoose\\lib\\query.js:2716:8)\n    at model.Query.exec (D:\\Kartik\\Hakathon\\Agri Hackathon\\backend\\node_modules\\mongoose\\lib\\query.js:4726:80)\n    at process.processTicksAndRejections (node:internal/process/task_queues:104:5)\n    at async exports.getSchemeById (D:\\Kartik\\Hakathon\\Agri Hackathon\\backend\\src\\controllers\\scheme.controller.js:27:18)","timestamp":"2026-03-27T11:36:18.261Z","url":"/api/public/schemes/categories"}
{"ip":"::1","level":"error","message":"Cast to ObjectId failed for value \"categories\" (type string) at path \"_id\" for model \"Scheme\"","method":"GET","service":"agro-backend","stack":"CastError: Cast to ObjectId failed for value \"categories\" (type string) at path \"_id\" for model \"Scheme\"\n    at SchemaObjectId.cast (D:\\Kartik\\Hakathon\\Agri Hackathon\\backend\\node_modules\\mongoose\\lib\\schema\\objectId.js:253:11)\n    at SchemaType.applySetters (D:\\Kartik\\Hakathon\\Agri Hackathon\\backend\\node_modules\\mongoose\\lib\\schemaType.js:1287:12)\n    at SchemaType.castForQuery (D:\\Kartik\\Hakathon\\Agri Hackathon\\backend\\node_modules\\mongoose\\lib\\schemaType.js:1713:17)\n    at cast (D:\\Kartik\\Hakathon\\Agri Hackathon\\backend\\node_modules\\mongoose\\lib\\cast.js:386:32)\n    at Query.cast (D:\\Kartik\\Hakathon\\Agri Hackathon\\backend\\node_modules\\mongoose\\lib\\query.js:5127:12)\n    at Query._castConditions (D:\\Kartik\\Hakathon\\Agri Hackathon\\backend\\node_modules\\mongoose\\lib\\query.js:2376:10)\n    at model.Query._findOne (D:\\Kartik\\Hakathon\\Agri Hackathon\\backend\\node_modules\\mongoose\\lib\\query.js:2716:8)\n    at model.Query.exec (D:\\Kartik\\Hakathon\\Agri Hackathon\\backend\\node_modules\\mongoose\\lib\\query.js:4726:80)\n    at process.processTicksAndRejections (node:internal/process/task_queues:104:5)\n    at async exports.getSchemeById (D:\\Kartik\\Hakathon\\Agri Hackathon\\backend\\src\\controllers\\scheme.controller.js:27:18)","timestamp":"2026-03-27T11:36:19.282Z","url":"/api/public/schemes/categories"}
{"ip":"::1","level":"error","message":"Cast to ObjectId failed for value \"categories\" (type string) at path \"_id\" for model \"Scheme\"","method":"GET","service":"agro-backend","stack":"CastError: Cast to ObjectId failed for value \"categories\" (type string) at path \"_id\" for model \"Scheme\"\n    at SchemaObjectId.cast (D:\\Kartik\\Hakathon\\Agri Hackathon\\backend\\node_modules\\mongoose\\lib\\schema\\objectId.js:253:11)\n    at SchemaType.applySetters (D:\\Kartik\\Hakathon\\Agri Hackathon\\backend\\node_modules\\mongoose\\lib\\schemaType.js:1287:12)\n    at SchemaType.castForQuery (D:\\Kartik\\Hakathon\\Agri Hackathon\\backend\\node_modules\\mongoose\\lib\\schemaType.js:1713:17)\n    at cast (D:\\Kartik\\Hakathon\\Agri Hackathon\\backend\\node_modules\\mongoose\\lib\\cast.js:386:32)\n    at Query.cast (D:\\Kartik\\Hakathon\\Agri Hackathon\\backend\\node_modules\\mongoose\\lib\\query.js:5127:12)\n    at Query._castConditions (D:\\Kartik\\Hakathon\\Agri Hackathon\\backend\\node_modules\\mongoose\\lib\\query.js:2376:10)\n    at model.Query._findOne (D:\\Kartik\\Hakathon\\Agri Hackathon\\backend\\node_modules\\mongoose\\lib\\query.js:2716:8)\n    at model.Query.exec (D:\\Kartik\\Hakathon\\Agri Hackathon\\backend\\node_modules\\mongoose\\lib\\query.js:4726:80)\n    at process.processTicksAndRejections (node:internal/process/task_queues:104:5)\n    at async exports.getSchemeById (D:\\Kartik\\Hakathon\\Agri Hackathon\\backend\\src\\controllers\\scheme.controller.js:27:18)","timestamp":"2026-03-27T11:37:00.734Z","url":"/api/public/schemes/categories"}
{"ip":"::1","level":"error","message":"Cast to ObjectId failed for value \"categories\" (type string) at path \"_id\" for model \"Scheme\"","method":"GET","service":"agro-backend","stack":"CastError: Cast to ObjectId failed for value \"categories\" (type string) at path \"_id\" for model \"Scheme\"\n    at SchemaObjectId.cast (D:\\Kartik\\Hakathon\\Agri Hackathon\\backend\\node_modules\\mongoose\\lib\\schema\\objectId.js:253:11)\n    at SchemaType.applySetters (D:\\Kartik\\Hakathon\\Agri Hackathon\\backend\\node_modules\\mongoose\\lib\\schemaType.js:1287:12)\n    at SchemaType.castForQuery (D:\\Kartik\\Hakathon\\Agri Hackathon\\backend\\node_modules\\mongoose\\lib\\schemaType.js:1713:17)\n    at cast (D:\\Kartik\\Hakathon\\Agri Hackathon\\backend\\node_modules\\mongoose\\lib\\cast.js:386:32)\n    at Query.cast (D:\\Kartik\\Hakathon\\Agri Hackathon\\backend\\node_modules\\mongoose\\lib\\query.js:5127:12)\n    at Query._castConditions (D:\\Kartik\\Hakathon\\Agri Hackathon\\backend\\node_modules\\mongoose\\lib\\query.js:2376:10)\n    at model.Query._findOne (D:\\Kartik\\Hakathon\\Agri Hackathon\\backend\\node_modules\\mongoose\\lib\\query.js:2716:8)\n    at model.Query.exec (D:\\Kartik\\Hakathon\\Agri Hackathon\\backend\\node_modules\\mongoose\\lib\\query.js:4726:80)\n    at process.processTicksAndRejections (node:internal/process/task_queues:104:5)\n    at async exports.getSchemeById (D:\\Kartik\\Hakathon\\Agri Hackathon\\backend\\src\\controllers\\scheme.controller.js:27:18)","timestamp":"2026-03-27T11:37:01.761Z","url":"/api/public/schemes/categories"}
{"ip":"::1","level":"error","message":"Cast to ObjectId failed for value \"categories\" (type string) at path \"_id\" for model \"Scheme\"","method":"GET","service":"agro-backend","stack":"CastError: Cast to ObjectId failed for value \"categories\" (type string) at path \"_id\" for model \"Scheme\"\n    at SchemaObjectId.cast (D:\\Kartik\\Hakathon\\Agri Hackathon\\backend\\node_modules\\mongoose\\lib\\schema\\objectId.js:253:11)\n    at SchemaType.applySetters (D:\\Kartik\\Hakathon\\Agri Hackathon\\backend\\node_modules\\mongoose\\lib\\schemaType.js:1287:12)\n    at SchemaType.castForQuery (D:\\Kartik\\Hakathon\\Agri Hackathon\\backend\\node_modules\\mongoose\\lib\\schemaType.js:1713:17)\n    at cast (D:\\Kartik\\Hakathon\\Agri Hackathon\\backend\\node_modules\\mongoose\\lib\\cast.js:386:32)\n    at Query.cast (D:\\Kartik\\Hakathon\\Agri Hackathon\\backend\\node_modules\\mongoose\\lib\\query.js:5127:12)\n    at Query._castConditions (D:\\Kartik\\Hakathon\\Agri Hackathon\\backend\\node_modules\\mongoose\\lib\\query.js:2376:10)\n    at model.Query._findOne (D:\\Kartik\\Hakathon\\Agri Hackathon\\backend\\node_modules\\mongoose\\lib\\query.js:2716:8)\n    at model.Query.exec (D:\\Kartik\\Hakathon\\Agri Hackathon\\backend\\node_modules\\mongoose\\lib\\query.js:4726:80)\n    at process.processTicksAndRejections (node:internal/process/task_queues:104:5)\n    at async exports.getSchemeById (D:\\Kartik\\Hakathon\\Agri Hackathon\\backend\\src\\controllers\\scheme.controller.js:27:18)","timestamp":"2026-03-27T11:37:04.602Z","url":"/api/public/schemes/categories"}
{"ip":"::1","level":"error","message":"Cast to ObjectId failed for value \"categories\" (type string) at path \"_id\" for model \"Scheme\"","method":"GET","service":"agro-backend","stack":"CastError: Cast to ObjectId failed for value \"categories\" (type string) at path \"_id\" for model \"Scheme\"\n    at SchemaObjectId.cast (D:\\Kartik\\Hakathon\\Agri Hackathon\\backend\\node_modules\\mongoose\\lib\\schema\\objectId.js:253:11)\n    at SchemaType.applySetters (D:\\Kartik\\Hakathon\\Agri Hackathon\\backend\\node_modules\\mongoose\\lib\\schemaType.js:1287:12)\n    at SchemaType.castForQuery (D:\\Kartik\\Hakathon\\Agri Hackathon\\backend\\node_modules\\mongoose\\lib\\schemaType.js:1713:17)\n    at cast (D:\\Kartik\\Hakathon\\Agri Hackathon\\backend\\node_modules\\mongoose\\lib\\cast.js:386:32)\n    at Query.cast (D:\\Kartik\\Hakathon\\Agri Hackathon\\backend\\node_modules\\mongoose\\lib\\query.js:5127:12)\n    at Query._castConditions (D:\\Kartik\\Hakathon\\Agri Hackathon\\backend\\node_modules\\mongoose\\lib\\query.js:2376:10)\n    at model.Query._findOne (D:\\Kartik\\Hakathon\\Agri Hackathon\\backend\\node_modules\\mongoose\\lib\\query.js:2716:8)\n    at model.Query.exec (D:\\Kartik\\Hakathon\\Agri Hackathon\\backend\\node_modules\\mongoose\\lib\\query.js:4726:80)\n    at process.processTicksAndRejections (node:internal/process/task_queues:104:5)\n    at async exports.getSchemeById (D:\\Kartik\\Hakathon\\Agri Hackathon\\backend\\src\\controllers\\scheme.controller.js:27:18)","timestamp":"2026-03-27T11:37:05.620Z","url":"/api/public/schemes/categories"}
{"level":"info","message":"SIGINT signal received: closing HTTP server","service":"agro-backend","timestamp":"2026-03-27T11:59:14.902Z"}
{"level":"warn","message":"Redis Client Error: ","service":"agro-backend","timestamp":"2026-03-27T13:33:01.291Z"}
{"level":"warn","message":"Redis not available — caching and rate-limiting will use in-memory fallback.","service":"agro-backend","timestamp":"2026-03-27T13:33:01.303Z"}
{"level":"warn","message":"Redis Client Error: ","service":"agro-backend","timestamp":"2026-03-27T13:33:01.507Z"}
{"level":"warn","message":"Redis Client Error: ","service":"agro-backend","timestamp":"2026-03-27T13:33:01.909Z"}
{"level":"info","message":"MongoDB Connected: purvesh-shard-00-01.nltu4.mongodb.net","service":"agro-backend","timestamp":"2026-03-27T13:33:02.291Z"}
{"level":"info","message":"BullMQ Background Workers initialized successfully.","service":"agro-backend","timestamp":"2026-03-27T13:33:02.299Z"}
{"level":"info","message":"Server running in development mode on port 5000","service":"agro-backend","timestamp":"2026-03-27T13:33:02.304Z"}
{"level":"warn","message":"Redis Client Error: ","service":"agro-backend","timestamp":"2026-03-27T13:33:02.515Z"}
{"level":"warn","message":"Redis unavailable after 3 retries — running without Redis cache.","service":"agro-backend","timestamp":"2026-03-27T13:33:02.516Z"}
{"level":"info","message":"SIGINT signal received: closing HTTP server","service":"agro-backend","timestamp":"2026-03-27T13:33:26.341Z"}
{"level":"info","message":"Redis Client Connected","service":"agro-backend","timestamp":"2026-03-27T13:33:30.486Z"}
{"level":"info","message":"MongoDB Connected: purvesh-shard-00-02.nltu4.mongodb.net","service":"agro-backend","timestamp":"2026-03-27T13:33:31.139Z"}
{"level":"info","message":"BullMQ Background Workers initialized successfully.","service":"agro-backend","timestamp":"2026-03-27T13:33:31.145Z"}
{"level":"info","message":"Server running in development mode on port 5000","service":"agro-backend","timestamp":"2026-03-27T13:33:31.150Z"}
{"ip":"::1","level":"error","message":"Cast to ObjectId failed for value \"categories\" (type string) at path \"_id\" for model \"Scheme\"","method":"GET","service":"agro-backend","stack":"CastError: Cast to ObjectId failed for value \"categories\" (type string) at path \"_id\" for model \"Scheme\"\n    at SchemaObjectId.cast (D:\\Kartik\\Hakathon\\Agri Hackathon\\backend\\node_modules\\mongoose\\lib\\schema\\objectId.js:253:11)\n    at SchemaType.applySetters (D:\\Kartik\\Hakathon\\Agri Hackathon\\backend\\node_modules\\mongoose\\lib\\schemaType.js:1287:12)\n    at SchemaType.castForQuery (D:\\Kartik\\Hakathon\\Agri Hackathon\\backend\\node_modules\\mongoose\\lib\\schemaType.js:1713:17)\n    at cast (D:\\Kartik\\Hakathon\\Agri Hackathon\\backend\\node_modules\\mongoose\\lib\\cast.js:386:32)\n    at Query.cast (D:\\Kartik\\Hakathon\\Agri Hackathon\\backend\\node_modules\\mongoose\\lib\\query.js:5127:12)\n    at Query._castConditions (D:\\Kartik\\Hakathon\\Agri Hackathon\\backend\\node_modules\\mongoose\\lib\\query.js:2376:10)\n    at model.Query._findOne (D:\\Kartik\\Hakathon\\Agri Hackathon\\backend\\node_modules\\mongoose\\lib\\query.js:2716:8)\n    at model.Query.exec (D:\\Kartik\\Hakathon\\Agri Hackathon\\backend\\node_modules\\mongoose\\lib\\query.js:4726:80)\n    at process.processTicksAndRejections (node:internal/process/task_queues:104:5)\n    at async exports.getSchemeById (D:\\Kartik\\Hakathon\\Agri Hackathon\\backend\\src\\controllers\\scheme.controller.js:27:18)","timestamp":"2026-03-27T13:33:59.870Z","url":"/api/public/schemes/categories"}
{"ip":"::1","level":"error","message":"Cast to ObjectId failed for value \"categories\" (type string) at path \"_id\" for model \"Scheme\"","method":"GET","service":"agro-backend","stack":"CastError: Cast to ObjectId failed for value \"categories\" (type string) at path \"_id\" for model \"Scheme\"\n    at SchemaObjectId.cast (D:\\Kartik\\Hakathon\\Agri Hackathon\\backend\\node_modules\\mongoose\\lib\\schema\\objectId.js:253:11)\n    at SchemaType.applySetters (D:\\Kartik\\Hakathon\\Agri Hackathon\\backend\\node_modules\\mongoose\\lib\\schemaType.js:1287:12)\n    at SchemaType.castForQuery (D:\\Kartik\\Hakathon\\Agri Hackathon\\backend\\node_modules\\mongoose\\lib\\schemaType.js:1713:17)\n    at cast (D:\\Kartik\\Hakathon\\Agri Hackathon\\backend\\node_modules\\mongoose\\lib\\cast.js:386:32)\n    at Query.cast (D:\\Kartik\\Hakathon\\Agri Hackathon\\backend\\node_modules\\mongoose\\lib\\query.js:5127:12)\n    at Query._castConditions (D:\\Kartik\\Hakathon\\Agri Hackathon\\backend\\node_modules\\mongoose\\lib\\query.js:2376:10)\n    at model.Query._findOne (D:\\Kartik\\Hakathon\\Agri Hackathon\\backend\\node_modules\\mongoose\\lib\\query.js:2716:8)\n    at model.Query.exec (D:\\Kartik\\Hakathon\\Agri Hackathon\\backend\\node_modules\\mongoose\\lib\\query.js:4726:80)\n    at process.processTicksAndRejections (node:internal/process/task_queues:104:5)\n    at async exports.getSchemeById (D:\\Kartik\\Hakathon\\Agri Hackathon\\backend\\src\\controllers\\scheme.controller.js:27:18)","timestamp":"2026-03-27T13:34:00.886Z","url":"/api/public/schemes/categories"}
{"level":"info","message":"SIGINT signal received: closing HTTP server","service":"agro-backend","timestamp":"2026-03-27T13:37:23.364Z"}
